<?xml version="1.0" encoding="UTF-8"?>
<testng-results ignored="0" total="13" passed="13" failed="0" skipped="0">
  <reporter-output>
  </reporter-output>
  <suite started-at="2021-11-22T22:28:29 IST" name="Default suite" finished-at="2021-11-22T22:30:28 IST" duration-ms="119543">
    <groups>
      <group name="cucumber">
        <method signature="AbstractTestNGCucumberTests.runScenario(io.cucumber.testng.PickleWrapper, io.cucumber.testng.FeatureWrapper)[pri:0, instance:com.mindtree.runner.BigSmall@625732]" name="runScenario" class="io.cucumber.testng.AbstractTestNGCucumberTests"/>
      </group> <!-- cucumber -->
    </groups>
    <test started-at="2021-11-22T22:28:29 IST" name="Default test" finished-at="2021-11-22T22:30:28 IST" duration-ms="119543">
      <class name="com.mindtree.runner.BigSmall">
        <test-method is-config="true" signature="setUpClass(org.testng.ITestContext)[pri:0, instance:com.mindtree.runner.BigSmall@625732]" started-at="2021-11-22T22:28:29 IST" name="setUpClass" finished-at="2021-11-22T22:28:29 IST" duration-ms="422" status="PASS">
          <params>
            <param index="0">
              <value>
                <![CDATA[org.testng.TestRunner@76a14c8d]]>
              </value>
            </param>
          </params>
          <reporter-output>
          </reporter-output>
        </test-method> <!-- setUpClass -->
        <test-method signature="runScenario(io.cucumber.testng.PickleWrapper, io.cucumber.testng.FeatureWrapper)[pri:0, instance:com.mindtree.runner.BigSmall@625732]" started-at="2021-11-22T22:28:29 IST" name="runScenario" description="Runs Cucumber Scenarios" data-provider="scenarios" finished-at="2021-11-22T22:28:37 IST" duration-ms="7933" status="PASS">
          <params>
            <param index="0">
              <value>
                <![CDATA["Opening the Browser and hitting the url"]]>
              </value>
            </param>
            <param index="1">
              <value>
                <![CDATA["Optional[Landing on webpage]"]]>
              </value>
            </param>
          </params>
          <reporter-output>
          </reporter-output>
        </test-method> <!-- runScenario -->
        <test-method signature="runScenario(io.cucumber.testng.PickleWrapper, io.cucumber.testng.FeatureWrapper)[pri:0, instance:com.mindtree.runner.BigSmall@625732]" started-at="2021-11-22T22:28:37 IST" name="runScenario" description="Runs Cucumber Scenarios" data-provider="scenarios" finished-at="2021-11-22T22:28:47 IST" duration-ms="9682" status="PASS">
          <params>
            <param index="0">
              <value>
                <![CDATA["Login with different credentials"]]>
              </value>
            </param>
            <param index="1">
              <value>
                <![CDATA["Optional[Login]"]]>
              </value>
            </param>
          </params>
          <reporter-output>
          </reporter-output>
        </test-method> <!-- runScenario -->
        <test-method signature="runScenario(io.cucumber.testng.PickleWrapper, io.cucumber.testng.FeatureWrapper)[pri:0, instance:com.mindtree.runner.BigSmall@625732]" started-at="2021-11-22T22:28:47 IST" name="runScenario" description="Runs Cucumber Scenarios" data-provider="scenarios" finished-at="2021-11-22T22:28:54 IST" duration-ms="7496" status="PASS">
          <params>
            <param index="0">
              <value>
                <![CDATA["Login with different credentials"]]>
              </value>
            </param>
            <param index="1">
              <value>
                <![CDATA["Optional[Login]"]]>
              </value>
            </param>
          </params>
          <reporter-output>
          </reporter-output>
        </test-method> <!-- runScenario -->
        <test-method signature="runScenario(io.cucumber.testng.PickleWrapper, io.cucumber.testng.FeatureWrapper)[pri:0, instance:com.mindtree.runner.BigSmall@625732]" started-at="2021-11-22T22:28:54 IST" name="runScenario" description="Runs Cucumber Scenarios" data-provider="scenarios" finished-at="2021-11-22T22:29:01 IST" duration-ms="7186" status="PASS">
          <params>
            <param index="0">
              <value>
                <![CDATA["Login with different credentials"]]>
              </value>
            </param>
            <param index="1">
              <value>
                <![CDATA["Optional[Login]"]]>
              </value>
            </param>
          </params>
          <reporter-output>
          </reporter-output>
        </test-method> <!-- runScenario -->
        <test-method signature="runScenario(io.cucumber.testng.PickleWrapper, io.cucumber.testng.FeatureWrapper)[pri:0, instance:com.mindtree.runner.BigSmall@625732]" started-at="2021-11-22T22:29:01 IST" name="runScenario" description="Runs Cucumber Scenarios" data-provider="scenarios" finished-at="2021-11-22T22:29:16 IST" duration-ms="14255" status="PASS">
          <params>
            <param index="0">
              <value>
                <![CDATA["Exploring the Personalized Gift section"]]>
              </value>
            </param>
            <param index="1">
              <value>
                <![CDATA["Optional[Explore]"]]>
              </value>
            </param>
          </params>
          <reporter-output>
          </reporter-output>
        </test-method> <!-- runScenario -->
        <test-method signature="runScenario(io.cucumber.testng.PickleWrapper, io.cucumber.testng.FeatureWrapper)[pri:0, instance:com.mindtree.runner.BigSmall@625732]" started-at="2021-11-22T22:29:16 IST" name="runScenario" description="Runs Cucumber Scenarios" data-provider="scenarios" finished-at="2021-11-22T22:29:20 IST" duration-ms="4708" status="PASS">
          <params>
            <param index="0">
              <value>
                <![CDATA["Exploring by searching a product"]]>
              </value>
            </param>
            <param index="1">
              <value>
                <![CDATA["Optional[Exploring]"]]>
              </value>
            </param>
          </params>
          <reporter-output>
          </reporter-output>
        </test-method> <!-- runScenario -->
        <test-method signature="runScenario(io.cucumber.testng.PickleWrapper, io.cucumber.testng.FeatureWrapper)[pri:0, instance:com.mindtree.runner.BigSmall@625732]" started-at="2021-11-22T22:29:20 IST" name="runScenario" description="Runs Cucumber Scenarios" data-provider="scenarios" finished-at="2021-11-22T22:29:38 IST" duration-ms="17434" status="PASS">
          <params>
            <param index="0">
              <value>
                <![CDATA["Exploring the Christmas Gifts section"]]>
              </value>
            </param>
            <param index="1">
              <value>
                <![CDATA["Optional[Explore]"]]>
              </value>
            </param>
          </params>
          <reporter-output>
          </reporter-output>
        </test-method> <!-- runScenario -->
        <test-method signature="runScenario(io.cucumber.testng.PickleWrapper, io.cucumber.testng.FeatureWrapper)[pri:0, instance:com.mindtree.runner.BigSmall@625732]" started-at="2021-11-22T22:29:38 IST" name="runScenario" description="Runs Cucumber Scenarios" data-provider="scenarios" finished-at="2021-11-22T22:29:51 IST" duration-ms="13299" status="PASS">
          <params>
            <param index="0">
              <value>
                <![CDATA["Exploring the Shop By Category section"]]>
              </value>
            </param>
            <param index="1">
              <value>
                <![CDATA["Optional[Explore]"]]>
              </value>
            </param>
          </params>
          <reporter-output>
          </reporter-output>
        </test-method> <!-- runScenario -->
        <test-method signature="runScenario(io.cucumber.testng.PickleWrapper, io.cucumber.testng.FeatureWrapper)[pri:0, instance:com.mindtree.runner.BigSmall@625732]" started-at="2021-11-22T22:29:51 IST" name="runScenario" description="Runs Cucumber Scenarios" data-provider="scenarios" finished-at="2021-11-22T22:30:00 IST" duration-ms="9217" status="PASS">
          <params>
            <param index="0">
              <value>
                <![CDATA["Exploring the AllOfIt section of the Web site"]]>
              </value>
            </param>
            <param index="1">
              <value>
                <![CDATA["Optional[Explore]"]]>
              </value>
            </param>
          </params>
          <reporter-output>
          </reporter-output>
        </test-method> <!-- runScenario -->
        <test-method signature="runScenario(io.cucumber.testng.PickleWrapper, io.cucumber.testng.FeatureWrapper)[pri:0, instance:com.mindtree.runner.BigSmall@625732]" started-at="2021-11-22T22:30:00 IST" name="runScenario" description="Runs Cucumber Scenarios" data-provider="scenarios" finished-at="2021-11-22T22:30:08 IST" duration-ms="7907" status="PASS">
          <params>
            <param index="0">
              <value>
                <![CDATA["Checking the Wishlist"]]>
              </value>
            </param>
            <param index="1">
              <value>
                <![CDATA["Optional[WishList]"]]>
              </value>
            </param>
          </params>
          <reporter-output>
          </reporter-output>
        </test-method> <!-- runScenario -->
        <test-method signature="runScenario(io.cucumber.testng.PickleWrapper, io.cucumber.testng.FeatureWrapper)[pri:0, instance:com.mindtree.runner.BigSmall@625732]" started-at="2021-11-22T22:30:08 IST" name="runScenario" description="Runs Cucumber Scenarios" data-provider="scenarios" finished-at="2021-11-22T22:30:10 IST" duration-ms="1971" status="PASS">
          <params>
            <param index="0">
              <value>
                <![CDATA["Going to About Us section in the web page"]]>
              </value>
            </param>
            <param index="1">
              <value>
                <![CDATA["Optional[About US]"]]>
              </value>
            </param>
          </params>
          <reporter-output>
          </reporter-output>
        </test-method> <!-- runScenario -->
        <test-method signature="runScenario(io.cucumber.testng.PickleWrapper, io.cucumber.testng.FeatureWrapper)[pri:0, instance:com.mindtree.runner.BigSmall@625732]" started-at="2021-11-22T22:30:10 IST" name="runScenario" description="Runs Cucumber Scenarios" data-provider="scenarios" finished-at="2021-11-22T22:30:18 IST" duration-ms="7530" status="PASS">
          <params>
            <param index="0">
              <value>
                <![CDATA["Adding the Gift Card"]]>
              </value>
            </param>
            <param index="1">
              <value>
                <![CDATA["Optional[Gidt Card]"]]>
              </value>
            </param>
          </params>
          <reporter-output>
          </reporter-output>
        </test-method> <!-- runScenario -->
        <test-method signature="runScenario(io.cucumber.testng.PickleWrapper, io.cucumber.testng.FeatureWrapper)[pri:0, instance:com.mindtree.runner.BigSmall@625732]" started-at="2021-11-22T22:30:18 IST" name="runScenario" description="Runs Cucumber Scenarios" data-provider="scenarios" finished-at="2021-11-22T22:30:28 IST" duration-ms="10434" status="PASS">
          <params>
            <param index="0">
              <value>
                <![CDATA["Testing the Contact us"]]>
              </value>
            </param>
            <param index="1">
              <value>
                <![CDATA["Optional[Contact Us]"]]>
              </value>
            </param>
          </params>
          <reporter-output>
          </reporter-output>
        </test-method> <!-- runScenario -->
        <test-method is-config="true" signature="tearDownClass()[pri:0, instance:com.mindtree.runner.BigSmall@625732]" started-at="2021-11-22T22:30:28 IST" name="tearDownClass" finished-at="2021-11-22T22:30:28 IST" duration-ms="7" status="PASS">
          <reporter-output>
          </reporter-output>
        </test-method> <!-- tearDownClass -->
      </class> <!-- com.mindtree.runner.BigSmall -->
    </test> <!-- Default test -->
  </suite> <!-- Default suite -->
</testng-results>
